[debug] [2021-01-27T21:30:33.701Z] ----------------------------------------------------------------------
[debug] [2021-01-27T21:30:33.704Z] Command:       C:\Program Files\nodejs\node.exe C:\Users\Lenovo\AppData\Roaming\npm\node_modules\firebase-tools\lib\bin\firebase.js init
[debug] [2021-01-27T21:30:33.704Z] CLI Version:   9.2.2
[debug] [2021-01-27T21:30:33.704Z] Platform:      win32
[debug] [2021-01-27T21:30:33.704Z] Node Version:  v14.15.4
[debug] [2021-01-27T21:30:33.705Z] Time:          Thu Jan 28 2021 00:30:33 GMT+0300 (GMT+03:00)
[debug] [2021-01-27T21:30:33.706Z] ----------------------------------------------------------------------
[debug] [2021-01-27T21:30:33.706Z] 
[debug] [2021-01-27T21:30:33.713Z] > command requires scopes: ["email","openid","https://www.googleapis.com/auth/cloudplatformprojects.readonly","https://www.googleapis.com/auth/firebase","https://www.googleapis.com/auth/cloud-platform"]
[debug] [2021-01-27T21:30:33.713Z] > authorizing via signed-in user
[info] 
     ######## #### ########  ######## ########     ###     ######  ########
     ##        ##  ##     ## ##       ##     ##  ##   ##  ##       ##
     ######    ##  ########  ######   ########  #########  ######  ######
     ##        ##  ##    ##  ##       ##     ## ##     ##       ## ##
     ##       #### ##     ## ######## ########  ##     ##  ######  ########

You're about to initialize a Firebase project in this directory:

  C:\Users\Lenovo\desktop\projects\tindog

[info] 
=== Project Setup
[info] 
[info] First, let's associate this project directory with a Firebase project.
[info] You can create multiple project aliases by running firebase use --add, 
[info] but for now we'll just set up a default project.
[info] 
[debug] [2021-01-27T21:31:16.643Z] >>> [apiv2][query] GET https://firebase.googleapis.com/v1beta1/projects pageSize=100
[debug] [2021-01-27T21:31:17.065Z] <<< [apiv2][status] GET https://firebase.googleapis.com/v1beta1/projects 200
[debug] [2021-01-27T21:31:17.065Z] <<< [apiv2][body] GET https://firebase.googleapis.com/v1beta1/projects [omitted]
[info] i  Using project tindog-v1 (TinDog) 
[info] 
=== Hosting Setup
[info] 
[info] Your public directory is the folder (relative to your project directory) that
[info] will contain Hosting assets to be uploaded with firebase deploy. If you
[info] have a build process for your assets, use your build's output directory.
[info] 
